Log file open, 11/27/17 10:56:52
LogWindows: Failed to load 'aqProf.dll' (GetLastError=126)
LogWindows: File 'aqProf.dll' does not exist
LogWindows: Failed to load 'VtuneApi.dll' (GetLastError=126)
LogWindows: File 'VtuneApi.dll' does not exist
LogWindows: Failed to load 'VtuneApi32e.dll' (GetLastError=126)
LogWindows: File 'VtuneApi32e.dll' does not exist
LogInit: Display: Running engine for game: Zullu
LogPlatformFile: Not using cached read wrapper
LogInit: Display: RandInit(850456631) SRandInit(850456631).
LogTaskGraph: Started task graph with 5 named threads and 14 total threads with 3 sets of task threads.
LogStats: Stats thread started at 0.200334
LogD3D11RHI: Aftermath initialized
LogPluginManager: Mounting plugin Paper2D
LogPluginManager: Mounting plugin LightPropagationVolume
LogPluginManager: Mounting plugin CodeLiteSourceCodeAccess
LogPluginManager: Mounting plugin GitSourceControl
LogPluginManager: Mounting plugin KDevelopSourceCodeAccess
LogPluginManager: Mounting plugin NullSourceCodeAccess
LogPluginManager: Mounting plugin PerforceSourceControl
LogPluginManager: Mounting plugin SubversionSourceControl
LogPluginManager: Mounting plugin UObjectPlugin
LogPluginManager: Mounting plugin VisualStudioSourceCodeAccess
LogPluginManager: Mounting plugin XCodeSourceCodeAccess
LogPluginManager: Mounting plugin AssetManagerEditor
LogPluginManager: Mounting plugin AudioCapture
LogPluginManager: Mounting plugin FacialAnimation
LogPluginManager: Mounting plugin GameplayTagsEditor
LogPluginManager: Mounting plugin MobileLauncherProfileWizard
LogPluginManager: Mounting plugin PluginBrowser
LogPluginManager: Mounting plugin SpeedTreeImporter
LogPluginManager: Mounting plugin AlembicImporter
LogPluginManager: Mounting plugin CharacterAI
LogPluginManager: Mounting plugin HTML5Networking
LogPluginManager: Mounting plugin JSONParser
LogPluginManager: Mounting plugin SocketClient
LogPluginManager: Mounting plugin VaRestPlugin
LogPluginManager: Mounting plugin WebCommunication
LogPluginManager: Mounting plugin AndroidMedia
LogPluginManager: Mounting plugin AvfMedia
LogPluginManager: Mounting plugin MediaPlayerEditor
LogPluginManager: Mounting plugin WmfMedia
LogPluginManager: Mounting plugin TcpMessaging
LogPluginManager: Mounting plugin UdpMessaging
LogPluginManager: Mounting plugin LevelSequenceEditor
LogPluginManager: Mounting plugin MatineeToLevelSequence
LogPluginManager: Mounting plugin OnlineSubsystemGooglePlay
LogPluginManager: Mounting plugin OnlineSubsystemIOS
LogPluginManager: Mounting plugin OnlineSubsystem
LogPluginManager: Mounting plugin OnlineSubsystemNull
LogPluginManager: Mounting plugin OnlineSubsystemUtils
LogPluginManager: Mounting plugin AndroidDeviceProfileSelector
LogPluginManager: Mounting plugin AndroidMoviePlayer
LogPluginManager: Mounting plugin AndroidPermission
LogPluginManager: Mounting plugin AppleMoviePlayer
LogPluginManager: Mounting plugin ArchVisCharacter
LogPluginManager: Mounting plugin CableComponent
LogPluginManager: Mounting plugin CustomMeshComponent
LogPluginManager: Mounting plugin ExampleDeviceProfileSelector
LogPluginManager: Mounting plugin GoogleCloudMessaging
LogPluginManager: Mounting plugin ImmediatePhysics
LogPluginManager: Mounting plugin IOSDeviceProfileSelector
LogPluginManager: Mounting plugin LinuxDeviceProfileSelector
LogPluginManager: Mounting plugin LocationServicesBPLibrary
LogPluginManager: Mounting plugin MobilePatchingUtils
LogPluginManager: Mounting plugin OculusVR
LogPluginManager: Mounting plugin PhysXVehicles
LogPluginManager: Mounting plugin ProceduralMeshComponent
LogPluginManager: Mounting plugin RuntimePhysXCooking
LogPluginManager: Mounting plugin SteamVR
LogPluginManager: Mounting plugin WindowsMoviePlayer
LogInit: Using libcurl 7.47.1
LogInit:  - built for x86_64-pc-win32
LogInit:  - supports SSL with OpenSSL/1.0.2g
LogInit:  - supports HTTP deflate (compression) using libz 1.2.8
LogInit:  - other features:
LogInit:      CURL_VERSION_SSL
LogInit:      CURL_VERSION_LIBZ
LogInit:      CURL_VERSION_IPV6
LogInit:      CURL_VERSION_ASYNCHDNS
LogInit:      CURL_VERSION_LARGEFILE
LogInit:      CURL_VERSION_IDN
LogInit:  CurlRequestOptions (configurable via config and command line):
LogInit:  - bVerifyPeer = false  - Libcurl will NOT verify peer certificate
LogInit:  - bUseHttpProxy = false  - Libcurl will NOT use HTTP proxy
LogInit:  - bDontReuseConnections = false  - Libcurl will reuse connections
LogInit:  - CertBundlePath = nullptr  - Libcurl will use whatever was configured at build time.
LogInit: Build: ++UE4+Release-4.17-CL-3658906
LogInit: Engine Version: 4.17.2-3658906+++UE4+Release-4.17
LogInit: Compatible Engine Version: 4.17.0-3573198+++UE4+Release-4.17
LogInit: Net CL: 3573198
LogDevObjectVersion: Number of dev versions registered: 16
LogDevObjectVersion:   Dev-Blueprints (B0D832E4-1F89-4F0D-ACCF-7EB736FD4AA2): 10
LogDevObjectVersion:   Dev-Build (E1C64328-A22C-4D53-A36C-8E866417BD8C): 0
LogDevObjectVersion:   Dev-Core (375EC13C-06E4-48FB-B500-84F0262A717E): 2
LogDevObjectVersion:   Dev-Editor (E4B068ED-F494-42E9-A231-DA0B2E46BB41): 20
LogDevObjectVersion:   Dev-Framework (CFFC743F-43B0-4480-9391-14DF171D2073): 28
LogDevObjectVersion:   Dev-Mobile (B02B49B5-BB20-44E9-A304-32B752E40360): 0
LogDevObjectVersion:   Dev-Networking (A4E4105C-59A1-49B5-A7C5-40C4547EDFEE): 0
LogDevObjectVersion:   Dev-Online (39C831C9-5AE6-47DC-9A44-9C173E1C8E7C): 0
LogDevObjectVersion:   Dev-Physics (78F01B33-EBEA-4F98-B9B4-84EACCB95AA2): 0
LogDevObjectVersion:   Dev-Platform (6631380F-2D4D-43E0-8009-CF276956A95A): 0
LogDevObjectVersion:   Dev-Rendering (12F88B9F-8875-4AFC-A67C-D90C383ABD29): 19
LogDevObjectVersion:   Dev-Sequencer (7B5AE74C-D270-4C10-A958-57980B212A5A): 4
LogDevObjectVersion:   Dev-VR (D7296918-1DD6-4BDD-9DE2-64A83CC13884): 0
LogDevObjectVersion:   Dev-LoadTimes (C2A15278-BFE7-4AFE-6C17-90FF531DF755): 1
LogDevObjectVersion:   Private-Geometry (6EACA3D4-40EC-4CC1-B786-8BED09428FC5): 1
LogDevObjectVersion:   Dev-AnimPhys (29E575DD-E0A3-4627-9D10-D276232CDCEA): 7
LogInit: Compiled (64-bit): Sep 22 2017 13:47:16
LogInit: Compiled with Visual C++: 19.00.24215.01
LogInit: Build Configuration: Development
LogInit: Branch Name: ++UE4+Release-4.17
LogInit: Command line: 
LogInit: Base directory: C:/Program Files/Epic Games/UE_4.17/Engine/Binaries/Win64/
LogInit: Installed Engine Build: 1
LogInit: Presizing for max 8388607 objects, including 0 objects not considered by GC, pre-allocating 0 bytes for permanent pool.
LogInit: Object subsystem initialized
[2017.11.27-07.56.54:548][  0]LogInit: Selected Device Profile: [Windows]
[2017.11.27-07.56.54:548][  0]LogInit: Applying CVar settings loaded from the selected device profile: [Windows]
[2017.11.27-07.56.54:685][  0]LogInit: Computer: AVATOR-NP
[2017.11.27-07.56.54:685][  0]LogInit: User: AvatoR
[2017.11.27-07.56.54:685][  0]LogInit: CPU Page size=4096, Cores=4
[2017.11.27-07.56.54:685][  0]LogInit: High frequency timer resolution =2.533209 MHz
[2017.11.27-07.56.54:685][  0]LogMemory: Memory total: Physical=7.9GB (8GB approx)
[2017.11.27-07.56.54:685][  0]LogMemory: Platform Memory Stats for Windows
[2017.11.27-07.56.54:685][  0]LogMemory: Process Physical Memory: 278.43 MB used, 278.43 MB peak
[2017.11.27-07.56.54:685][  0]LogMemory: Process Virtual Memory: 280.52 MB used, 280.52 MB peak
[2017.11.27-07.56.54:685][  0]LogMemory: Physical Memory: 4183.93 MB used,  3892.16 MB free, 8076.09 MB total
[2017.11.27-07.56.54:685][  0]LogMemory: Virtual Memory: 675.16 MB used,  3892.16 MB free, 134217728.00 MB total
[2017.11.27-07.56.54:938][  0]LogInit: Using OS detected language (ru-RU).
[2017.11.27-07.56.54:938][  0]LogInit: Using OS detected locale (ru-RU).
[2017.11.27-07.56.54:941][  0]LogTextLocalizationManager: No localization for 'ru-RU' exists, so 'en' will be used for the language.
[2017.11.27-07.56.54:941][  0]LogTextLocalizationManager: No localization for 'ru-RU' exists, so 'en' will be used for the locale.
[2017.11.27-07.57.10:288][  0]LogD3D11RHI: D3D11 adapters:
[2017.11.27-07.57.10:572][  0]LogD3D11RHI:    0. 'NVIDIA GeForce GTX 960M' (Feature Level 11_0)
[2017.11.27-07.57.10:572][  0]LogD3D11RHI:       2019/0/4038 MB DedicatedVideo/DedicatedSystem/SharedSystem, Outputs:2, VendorId:0x10de
[2017.11.27-07.57.10:582][  0]LogD3D11RHI:    1. 'Intel(R) HD Graphics 4600' (Feature Level 11_0)
[2017.11.27-07.57.10:582][  0]LogD3D11RHI:       112/0/2048 MB DedicatedVideo/DedicatedSystem/SharedSystem, Outputs:0, VendorId:0x8086
[2017.11.27-07.57.10:585][  0]LogD3D11RHI:    2. 'Microsoft Basic Render Driver' (Feature Level 11_0)
[2017.11.27-07.57.10:585][  0]LogD3D11RHI:       0/0/4038 MB DedicatedVideo/DedicatedSystem/SharedSystem, Outputs:0, VendorId:0x1414
[2017.11.27-07.57.10:585][  0]LogD3D11RHI: Chosen D3D11 Adapter: 0
[2017.11.27-07.57.10:598][  0]LogD3D11RHI: Creating new Direct3DDevice
[2017.11.27-07.57.10:598][  0]LogD3D11RHI:     GPU DeviceId: 0x139b (for the marketing name, search the web for "GPU Device Id")
[2017.11.27-07.57.10:598][  0]LogWindows: EnumDisplayDevices:
[2017.11.27-07.57.10:598][  0]LogWindows:    0. 'Intel(R) HD Graphics 4600' (P:1 D:1)
[2017.11.27-07.57.10:599][  0]LogWindows:    1. 'Intel(R) HD Graphics 4600' (P:0 D:1)
[2017.11.27-07.57.10:599][  0]LogWindows:    2. 'Intel(R) HD Graphics 4600' (P:0 D:0)
[2017.11.27-07.57.10:599][  0]LogWindows: DebugString: PrimaryIsNotTheChoosenAdapter PrimaryIsNotTheChoosenAdapter PrimaryIsNotTheChoosenAdapter FoundDriverCount:0 
[2017.11.27-07.57.10:599][  0]LogD3D11RHI:     Adapter Name: NVIDIA GeForce GTX 960M
[2017.11.27-07.57.10:599][  0]LogD3D11RHI:   Driver Version: Unknown (internal:Unknown, unified:Unknown)
[2017.11.27-07.57.10:599][  0]LogD3D11RHI:      Driver Date: Unknown
[2017.11.27-07.57.10:599][  0]LogRHI: Texture pool is 1361 MB (70% of 1945 MB)
[2017.11.27-07.57.10:618][  0]LogD3D11RHI: Async texture creation enabled
[2017.11.27-07.57.10:631][  0]LogD3D11RHI: GPU Timing Frequency: 1000.000000 (Debug: 2 1)
[2017.11.27-07.57.10:632][  0]LogShaderCompilers: Guid format shader working directory is -16 characters bigger than the processId version (../../../../../../Users/AvatoR/Documents/Unreal Projects/Zullu/Intermediate/Shaders/WorkingDirectory/25588/).
[2017.11.27-07.57.10:632][  0]LogShaderCompilers: Cleaned the shader compiler working directory 'C:/Users/AvatoR/AppData/Local/Temp/UnrealShaderWorkingDir/98D66FE442DEC74CEE485194B7F46404/'.
[2017.11.27-07.57.10:632][  0]LogShaderCompilers: Display: Using Local Shader Compiler.
[2017.11.27-07.57.24:016][  0]LogTemp: Display: Loaded TP AllDesktopTargetPlatform
[2017.11.27-07.57.24:125][  0]LogTemp: Display: Loaded TP MacClientTargetPlatform
[2017.11.27-07.57.24:233][  0]LogTemp: Display: Loaded TP MacNoEditorTargetPlatform
[2017.11.27-07.57.24:342][  0]LogTemp: Display: Loaded TP MacServerTargetPlatform
[2017.11.27-07.57.24:499][  0]LogTemp: Display: Loaded TP MacTargetPlatform
[2017.11.27-07.57.24:605][  0]LogTemp: Display: Loaded TP WindowsClientTargetPlatform
[2017.11.27-07.57.24:713][  0]LogTemp: Display: Loaded TP WindowsNoEditorTargetPlatform
[2017.11.27-07.57.24:841][  0]LogTemp: Display: Loaded TP WindowsServerTargetPlatform
[2017.11.27-07.57.24:966][  0]LogTemp: Display: Loaded TP WindowsTargetPlatform
[2017.11.27-07.57.25:164][  0]LogTemp: Display: Loaded TP AndroidTargetPlatform
[2017.11.27-07.57.25:281][  0]LogTemp: Display: Loaded TP Android_ASTCTargetPlatform
[2017.11.27-07.57.25:396][  0]LogTemp: Display: Loaded TP Android_ATCTargetPlatform
[2017.11.27-07.57.25:503][  0]LogTemp: Display: Loaded TP Android_DXTTargetPlatform
[2017.11.27-07.57.25:618][  0]LogTemp: Display: Loaded TP Android_ETC1TargetPlatform
[2017.11.27-07.57.25:736][  0]LogTemp: Display: Loaded TP Android_ETC2TargetPlatform
[2017.11.27-07.57.25:955][  0]LogTemp: Display: Loaded TP Android_MultiTargetPlatform
[2017.11.27-07.57.25:955][  0]LogTemp: Display: Loaded TP Android_PVRTCTargetPlatform
[2017.11.27-07.57.26:056][  0]LogTemp: Display: Loaded TP HTML5TargetPlatform
[2017.11.27-07.57.26:270][  0]LogTemp: Display: Loaded TP IOSTargetPlatform
[2017.11.27-07.57.26:307][  0]LogTemp: Display: Loaded TP TVOSTargetPlatform
[2017.11.27-07.57.26:418][  0]LogTemp: Display: Loaded TP LinuxClientTargetPlatform
[2017.11.27-07.57.26:534][  0]LogTemp: Display: Loaded TP LinuxNoEditorTargetPlatform
[2017.11.27-07.57.26:655][  0]LogTemp: Display: Loaded TP LinuxServerTargetPlatform
[2017.11.27-07.57.26:818][  0]LogTemp: Display: Loaded TP LinuxTargetPlatform
[2017.11.27-07.57.26:818][  0]LogTargetPlatformManager: Display: Building Assets For Windows
[2017.11.27-07.57.27:882][  0]LogDerivedDataCache: Display: Max Cache Size: 512 MB
[2017.11.27-07.57.30:696][  0]LogDerivedDataCache: Loaded boot cache 2.81s 93MB C:/Users/AvatoR/AppData/Local/UnrealEngine/4.17/DerivedDataCache/Boot.ddc.
[2017.11.27-07.57.30:696][  0]LogDerivedDataCache: Display: Loaded Boot cache: C:/Users/AvatoR/AppData/Local/UnrealEngine/4.17/DerivedDataCache/Boot.ddc
[2017.11.27-07.57.30:697][  0]LogDerivedDataCache: FDerivedDataBackendGraph:  Pak pak cache file ../../../../../../Users/AvatoR/Documents/Unreal Projects/Zullu/DerivedDataCache/DDC.ddp not found, will not use a pak cache.
[2017.11.27-07.57.30:697][  0]LogDerivedDataCache: Unable to find inner node Pak for hierarchical cache Hierarchy.
[2017.11.27-07.57.30:697][  0]LogDerivedDataCache: FDerivedDataBackendGraph:  CompressedPak pak cache file ../../../../../../Users/AvatoR/Documents/Unreal Projects/Zullu/DerivedDataCache/Compressed.ddp not found, will not use a pak cache.
[2017.11.27-07.57.30:697][  0]LogDerivedDataCache: Unable to find inner node CompressedPak for hierarchical cache Hierarchy.
[2017.11.27-07.57.30:735][  0]LogDerivedDataCache: Display: Pak cache opened for reading ../../../Engine/DerivedDataCache/Compressed.ddp.
[2017.11.27-07.57.30:749][  0]LogDerivedDataCache: Using Local data cache path C:/Users/AvatoR/AppData/Local/UnrealEngine/Common/DerivedDataCache: Writable
[2017.11.27-07.57.30:761][  0]LogMaterial: Verifying Global Shaders for PCD3D_SM5
[2017.11.27-07.57.30:762][  0]LogSlate: Using Freetype 2.6.0
[2017.11.27-07.57.30:762][  0]LogSlate: SlateFontCache - WITH_FREETYPE: 1, WITH_HARFBUZZ: 1
[2017.11.27-07.57.30:762][  0]LogSlate: SlateFontCache - WITH_FREETYPE: 1, WITH_HARFBUZZ: 1
[2017.11.27-07.57.31:725][  0]LogAssetRegistry: FAssetRegistry took 0.0300 seconds to start up
[2017.11.27-07.57.31:901][  0]LogInit: Selected Device Profile: [Windows]
[2017.11.27-07.57.32:575][  0]LogContentStreaming: Texture pool size is 0.00 MB
[2017.11.27-07.57.33:217][  0]LogSimplygon: Simplygon DLL not present - disabling.
[2017.11.27-07.57.33:326][  0]LogMeshReduction: Using SimplygonSwarm for distributed automatic mesh merging
[2017.11.27-07.57.33:326][  0]LogMeshReduction: Using QuadricMeshReduction for automatic static mesh reduction
[2017.11.27-07.57.33:326][  0]LogMeshReduction: No automatic skeletal mesh reduction module available
[2017.11.27-07.57.33:326][  0]LogMeshReduction: No automatic mesh merging module available
[2017.11.27-07.57.33:326][  0]LogMeshMerging: No automatic mesh merging module available
[2017.11.27-07.57.34:842][  0]LogNetVersion: Zullu , NetCL: 3573198, EngineNetVer: 2, GameNetVer: 0 (Checksum: 4101412135)
[2017.11.27-07.57.35:479][  0]LogPackageLocalizationCache: Processed 5 localized package path(s) for 1 prioritized culture(s) in 0.063250 seconds
[2017.11.27-07.57.35:486][  0]LogUObjectArray: 35825 objects as part of root set at end of initial load.
[2017.11.27-07.57.35:486][  0]LogUObjectAllocator: 7529104 out of 0 bytes used by permanent object pool.
[2017.11.27-07.57.35:486][  0]LogUObjectArray: CloseDisregardForGC: 0/0 objects in disregard for GC pool
[2017.11.27-07.57.35:559][  0]LogInit: WinSock: version 1.1 (2.2), MaxSocks=32767, MaxUdp=65467
[2017.11.27-07.58.39:825][  0]LogTcpMessaging: Initializing TcpMessaging bridge
[2017.11.27-07.58.39:879][  0]LogUdpMessaging: Initializing bridge on interface 0.0.0.0:0 to multicast group 230.0.0.1:6666.
[2017.11.27-07.58.43:724][  0]LogMaterial: Uniform references updated for custom material expression Custom.
[2017.11.27-07.58.45:150][  0]SourceControl: Source control is disabled
[2017.11.27-07.58.53:381][  0]LogAndroidPermission: UAndroidPermissionCallbackProxy::GetInstance
[2017.11.27-07.58.53:973][  0]LogOcInput: OculusInput pre-init called
[2017.11.27-07.58.54:931][  0]LogEngine: Initializing Engine...
[2017.11.27-07.58.54:933][  0]LogHMD: Failed to initialize OpenVR with code 110
[2017.11.27-07.58.55:855][  0]LogStats: UGameplayTagsManager::ConstructGameplayTagTree: Construct from data asset -  0.000 s
[2017.11.27-07.58.55:855][  0]LogStats: UGameplayTagsManager::ConstructGameplayTagTree: GameplayTagTreeChangedEvent.Broadcast -  0.000 s
[2017.11.27-07.58.56:247][  0]LogAIModule: Creating AISystem for world Untitled
[2017.11.27-07.58.56:268][  0]LogInit: XAudio2 using 'Динамики (USB PnP Sound Device)' : 2 channels at 44.1 kHz using 16 bits per sample (channel mask 0x3)
[2017.11.27-07.58.56:282][  0]LogInit: FAudioDevice initialized.
[2017.11.27-07.58.56:893][  0]LogDerivedDataCache: Saved boot cache 0.61s 93MB C:/Users/AvatoR/AppData/Local/UnrealEngine/4.17/DerivedDataCache/Boot.ddc.
[2017.11.27-07.58.56:921][  0]LogInit: Texture streaming: Enabled
[2017.11.27-07.58.57:421][  0]LogEngineSessionManager: EngineSessionManager initialized
[2017.11.27-07.58.57:422][  0]LogEngineSessionManager: EngineSessionManager sent abnormal shutdown report. Type=Crashed, SessionId={BE20BA50-4718-D001-64EF-78AD39A18CD2}
[2017.11.27-07.58.59:263][  0]LogInit: Transaction tracking system initialized
[2017.11.27-07.59.00:389][  0]BlueprintLog: New page: Editor Load
[2017.11.27-07.59.03:888][  0]LocalizationService: Localization service is disabled
[2017.11.27-07.59.08:031][  0]LogConsoleResponse: Display: 
[2017.11.27-07.59.11:006][  0]LogCook: Display: Max memory allowance for cook 16384mb min free memory 0mb
[2017.11.27-07.59.11:006][  0]LogCook: Display: Mobile HDR setting 1
[2017.11.27-07.59.11:006][  0]LogGameplayTags: Display: UGameplayTagsManager::DoneAddingNativeTags. DelegateIsBound: 0
[2017.11.27-07.59.11:367][  0]LogFileCache: Scanning file cache for directory 'C:/Users/AvatoR/Documents/Unreal Projects/Zullu/Content/' took 0.02s
[2017.11.27-07.59.17:418][  0]Cmd: MAP LOAD FILE="../../../../../../Users/AvatoR/Documents/Unreal Projects/Zullu/Content/Levels/Login.umap" TEMPLATE=0 SHOWPROGRESS=1 FEATURELEVEL=3
[2017.11.27-07.59.17:430][  0]LightingResults: New page: Lighting Build
[2017.11.27-07.59.17:545][  0]MapCheck: New page: Map Check
[2017.11.27-07.59.17:545][  0]LightingResults: New page: Lighting Build
[2017.11.27-07.59.24:135][  0]LogAIModule: Creating AISystem for world Login
[2017.11.27-07.59.24:137][  0]LogEditorServer: Finished looking for orphan Actors (0.000 secs)
[2017.11.27-07.59.24:154][  0]Cmd: MAP CHECKDEP NOCLEARLOG
[2017.11.27-07.59.24:212][  0]MapCheck: Map check complete: 0 Error(s), 0 Warning(s), took 58.112ms to complete.
[2017.11.27-07.59.24:212][  0]LogFileHelpers: Loading map 'Login' took 6.795
[2017.11.27-07.59.24:956][  0]LogCollectionManager: Loaded 0 collections in 0.004355 seconds
[2017.11.27-07.59.25:130][  0]LogFileCache: Scanning file cache for directory 'C:/Users/AvatoR/Documents/Unreal Projects/Zullu/Saved/Collections/' took 0.01s
[2017.11.27-07.59.25:130][  0]LogFileCache: Scanning file cache for directory 'C:/Users/AvatoR/Documents/Unreal Projects/Zullu/Content/Developers/AvatoR/Collections/' took 0.01s
[2017.11.27-07.59.25:130][  0]LogFileCache: Scanning file cache for directory 'C:/Users/AvatoR/Documents/Unreal Projects/Zullu/Content/Collections/' took 0.01s
[2017.11.27-07.59.25:130][  0]LogCollectionManager: Rebuilt the GUID cache for 0 collections in 0.000000 seconds
[2017.11.27-07.59.25:144][  0]LogContentBrowser: Native class hierarchy populated in 0.0139 seconds. Added 2396 classes and 516 folders.
[2017.11.27-07.59.25:294][  0]LogContentBrowser: Native class hierarchy updated for 'WidgetCarousel' in 0.0019 seconds. Added 0 classes and 0 folders.
[2017.11.27-07.59.32:687][  0]LogContentBrowser: Native class hierarchy updated for 'AddContentDialog' in 0.0027 seconds. Added 0 classes and 0 folders.
[2017.11.27-07.59.32:774][  0]LogSlate: Took 0.000386 seconds to synchronously load lazily loaded font '../../../Engine/Content/Slate/Fonts/Roboto-Regular.ttf' (155K)
[2017.11.27-07.59.32:782][  0]LogSlate: Took 0.000448 seconds to synchronously load lazily loaded font '../../../Engine/Content/Slate/Fonts/Roboto-Bold.ttf' (160K)
[2017.11.27-07.59.32:840][  0]LogSlate: Took 0.054148 seconds to synchronously load lazily loaded font '../../../Engine/Content/Editor/Slate/Fonts/FontAwesome.ttf' (139K)
[2017.11.27-07.59.33:049][  0]LogRenderer: Reallocating scene render targets to support 1432x936 Format 10 NumSamples 1 (Frame:1).
[2017.11.27-07.59.33:505][  0]LogContentBrowser: Native class hierarchy updated for 'HierarchicalLODOutliner' in 0.0019 seconds. Added 1 classes and 2 folders.
[2017.11.27-07.59.33:505][  0]LogLoad: (Engine Initialization) Total time: 163.48 seconds
[2017.11.27-07.59.33:505][  0]LogLoad: (Engine Initialization) Total Blueprint compile time: 0.00 seconds
[2017.11.27-07.59.33:505][  0]LogExternalProfiler: Found external profiler: VSPerf
[2017.11.27-07.59.33:505][  0]LogExternalProfiler: Using external profiler: VSPerf
[2017.11.27-07.59.33:869][  0]SourceControl: On branch master
[2017.11.27-07.59.33:869][  0]SourceControl: Your branch is ahead of 'origin/master' by 1 commit.
[2017.11.27-07.59.33:869][  0]SourceControl:   (use "git push" to publish your local commits)
[2017.11.27-07.59.33:869][  0]SourceControl: Changes to be committed:
[2017.11.27-07.59.33:869][  0]SourceControl:   (use "git reset HEAD <file>..." to unstage)
[2017.11.27-07.59.33:869][  0]SourceControl: 	new file:   Config/DefaultEditor.ini
[2017.11.27-07.59.33:869][  0]SourceControl: 	new file:   Config/DefaultEditorPerProjectUserSettings.ini
[2017.11.27-07.59.33:869][  0]SourceControl: 	new file:   Config/DefaultEngine.ini
[2017.11.27-07.59.33:869][  0]SourceControl: 	new file:   Config/DefaultGame.ini
[2017.11.27-07.59.33:869][  0]SourceControl: 	new file:   Config/DefaultInput.ini
[2017.11.27-07.59.33:869][  0]SourceControl: 	new file:   Content/Scripts/aliases.js
[2017.11.27-07.59.33:869][  0]SourceControl: 	new file:   Content/Scripts/typings/_part_0_ue.d.ts
[2017.11.27-07.59.33:869][  0]SourceControl: 	new file:   Content/Scripts/typings/_part_1_ue.d.ts
[2017.11.27-07.59.33:869][  0]SourceControl: 	new file:   Content/Scripts/typings/ue.d.ts
[2017.11.27-07.59.33:869][  0]SourceControl: 	new file:   Source/Zullu.Target.cs
[2017.11.27-07.59.33:869][  0]SourceControl: 	new file:   Source/Zullu/GetActor.cpp
[2017.11.27-07.59.33:869][  0]SourceControl: 	new file:   Source/Zullu/GetActor.h
[2017.11.27-07.59.33:869][  0]SourceControl: 	new file:   Source/Zullu/HttpActor.cpp
[2017.11.27-07.59.33:869][  0]SourceControl: 	new file:   Source/Zullu/HttpActor.h
[2017.11.27-07.59.33:869][  0]SourceControl: 	new file:   Source/Zullu/Zullu.Build.cs
[2017.11.27-07.59.33:869][  0]SourceControl: 	new file:   Source/Zullu/Zullu.cpp
[2017.11.27-07.59.33:869][  0]SourceControl: 	new file:   Source/Zullu/Zullu.h
[2017.11.27-07.59.33:869][  0]SourceControl: 	new file:   Source/ZulluEditor.Target.cs
[2017.11.27-07.59.33:869][  0]SourceControl: Changes not staged for commit:
[2017.11.27-07.59.33:870][  0]SourceControl:   (use "git add <file>..." to update what will be committed)
[2017.11.27-07.59.33:870][  0]SourceControl:   (use "git checkout -- <file>..." to discard changes in working directory)
[2017.11.27-07.59.33:870][  0]SourceControl: 	modified:   Config/DefaultEngine.ini
[2017.11.27-07.59.33:870][  0]SourceControl: 	modified:   Content/Levels/0-0.umap
[2017.11.27-07.59.33:870][  0]SourceControl: 	modified:   Content/Levels/0-0_BuiltData.uasset
[2017.11.27-07.59.33:870][  0]SourceControl: 	modified:   Content/Levels/MainGameInstance.uasset
[2017.11.27-07.59.33:870][  0]SourceControl: 	modified:   Content/StarterContent/Maps/Advanced_Lighting.umap
[2017.11.27-07.59.33:870][  0]SourceControl: 	modified:   Content/StarterContent/Maps/Minimal_Default.umap
[2017.11.27-07.59.33:870][  0]SourceControl: 	modified:   Content/StarterContent/Maps/StarterMap.umap
[2017.11.27-07.59.33:870][  0]SourceControl: 	modified:   Content/StarterPresets/StarterSpaceShipMovement_OR.uasset
[2017.11.27-07.59.33:870][  0]SourceControl: Untracked files:
[2017.11.27-07.59.33:870][  0]SourceControl:   (use "git add <file>..." to include in what will be committed)
[2017.11.27-07.59.33:870][  0]SourceControl: 	.vs/
[2017.11.27-07.59.33:870][  0]SourceControl: 	Binaries.rar
[2017.11.27-07.59.33:870][  0]SourceControl: 	Binaries/
[2017.11.27-07.59.33:870][  0]SourceControl: 	Build/
[2017.11.27-07.59.33:870][  0]SourceControl: 	Intermediate/
[2017.11.27-07.59.33:870][  0]SourceControl: 	Pack/
[2017.11.27-07.59.33:870][  0]SourceControl: 	Saved/
[2017.11.27-07.59.33:870][  0]SourceControl: 	Zullu.png
[2017.11.27-07.59.33:870][  0]SourceControl: 	Zullu.sln
[2017.11.27-07.59.33:870][  0]LogContentStreaming: Texture pool size now 1000 MB
[2017.11.27-07.59.33:929][  0]LogSlate: Took 0.004981 seconds to synchronously load lazily loaded font '../../../Engine/Content/Slate/Fonts/Roboto-Light.ttf' (159K)
[2017.11.27-07.59.34:196][  1]LogAssetRegistry: Asset discovery search completed in 122.4939 seconds
[2017.11.27-07.59.34:199][  1]LogCollectionManager: Rebuilt the object cache for 0 collections in 0.000006 seconds (found 0 objects)
[2017.11.27-07.59.34:199][  1]LogCollectionManager: Fixed up redirectors for 0 collections in 0.000277 seconds (updated 0 objects)
[2017.11.27-07.59.34:853][  3]LogSlate: Took 0.000394 seconds to synchronously load lazily loaded font '../../../Engine/Content/Slate/Fonts/Roboto-Light.ttf' (159K)
[2017.11.27-09.59.15:032][558]LogWindowsTextInputMethodSystem: Display: IME system now deactivated.
[2017.11.27-09.59.15:032][558]LogWindowsTextInputMethodSystem: Display: IME system now deactivated.
[2017.11.27-09.59.26:841][254]SourceControl: Source control is disabled
[2017.11.27-09.59.34:227][658]SourceControl: On branch master
[2017.11.27-09.59.34:227][658]SourceControl: Your branch is ahead of 'origin/master' by 1 commit.
[2017.11.27-09.59.34:227][658]SourceControl:   (use "git push" to publish your local commits)
[2017.11.27-09.59.34:227][658]SourceControl: Changes to be committed:
[2017.11.27-09.59.34:227][658]SourceControl:   (use "git reset HEAD <file>..." to unstage)
[2017.11.27-09.59.34:227][658]SourceControl: 	new file:   Config/DefaultEditor.ini
[2017.11.27-09.59.34:227][658]SourceControl: 	new file:   Config/DefaultEditorPerProjectUserSettings.ini
[2017.11.27-09.59.34:227][658]SourceControl: 	new file:   Config/DefaultEngine.ini
[2017.11.27-09.59.34:227][658]SourceControl: 	new file:   Config/DefaultGame.ini
[2017.11.27-09.59.34:227][658]SourceControl: 	new file:   Config/DefaultInput.ini
[2017.11.27-09.59.34:227][658]SourceControl: 	new file:   Content/Scripts/aliases.js
[2017.11.27-09.59.34:227][658]SourceControl: 	new file:   Content/Scripts/typings/_part_0_ue.d.ts
[2017.11.27-09.59.34:227][658]SourceControl: 	new file:   Content/Scripts/typings/_part_1_ue.d.ts
[2017.11.27-09.59.34:227][658]SourceControl: 	new file:   Content/Scripts/typings/ue.d.ts
[2017.11.27-09.59.34:227][658]SourceControl: 	new file:   Source/Zullu.Target.cs
[2017.11.27-09.59.34:227][658]SourceControl: 	new file:   Source/Zullu/GetActor.cpp
[2017.11.27-09.59.34:227][658]SourceControl: 	new file:   Source/Zullu/GetActor.h
[2017.11.27-09.59.34:227][658]SourceControl: 	new file:   Source/Zullu/HttpActor.cpp
[2017.11.27-09.59.34:227][658]SourceControl: 	new file:   Source/Zullu/HttpActor.h
[2017.11.27-09.59.34:227][658]SourceControl: 	new file:   Source/Zullu/Zullu.Build.cs
[2017.11.27-09.59.34:227][658]SourceControl: 	new file:   Source/Zullu/Zullu.cpp
[2017.11.27-09.59.34:227][658]SourceControl: 	new file:   Source/Zullu/Zullu.h
[2017.11.27-09.59.34:227][658]SourceControl: 	new file:   Source/ZulluEditor.Target.cs
[2017.11.27-09.59.34:227][658]SourceControl: Changes not staged for commit:
[2017.11.27-09.59.34:227][658]SourceControl:   (use "git add <file>..." to update what will be committed)
[2017.11.27-09.59.34:227][658]SourceControl:   (use "git checkout -- <file>..." to discard changes in working directory)
[2017.11.27-09.59.34:227][658]SourceControl: 	modified:   Config/DefaultEngine.ini
[2017.11.27-09.59.34:227][658]SourceControl: 	modified:   Content/Levels/0-0.umap
[2017.11.27-09.59.34:227][658]SourceControl: 	modified:   Content/Levels/0-0_BuiltData.uasset
[2017.11.27-09.59.34:227][658]SourceControl: 	modified:   Content/Levels/MainGameInstance.uasset
[2017.11.27-09.59.34:227][658]SourceControl: 	modified:   Content/StarterContent/Maps/Advanced_Lighting.umap
[2017.11.27-09.59.34:227][658]SourceControl: 	modified:   Content/StarterContent/Maps/Minimal_Default.umap
[2017.11.27-09.59.34:227][658]SourceControl: 	modified:   Content/StarterContent/Maps/StarterMap.umap
[2017.11.27-09.59.34:227][658]SourceControl: 	modified:   Content/StarterPresets/StarterSpaceShipMovement_OR.uasset
[2017.11.27-09.59.34:228][658]SourceControl: Untracked files:
[2017.11.27-09.59.34:228][658]SourceControl:   (use "git add <file>..." to include in what will be committed)
[2017.11.27-09.59.34:228][658]SourceControl: 	.vs/
[2017.11.27-09.59.34:228][658]SourceControl: 	Binaries/
[2017.11.27-09.59.34:228][658]SourceControl: 	Build/
[2017.11.27-09.59.34:228][658]SourceControl: 	Intermediate/
[2017.11.27-09.59.34:228][658]SourceControl: 	Pack/
[2017.11.27-09.59.34:228][658]SourceControl: 	Saved/
[2017.11.27-09.59.34:228][658]SourceControl: 	Zullu.png
[2017.11.27-09.59.34:228][658]SourceControl: 	Zullu.sln
[2017.11.27-10.00.01:723][184]SourceControl: fatal: C:/Program Files/Epic Games/UE_4.17/Engine/Content/: 'C:/Program Files/Epic Games/UE_4.17/Engine/Content/' is outside repository
[2017.11.27-10.00.18:420][ 22]LogSourceControl: Error: P4ERROR: Invalid connection to server.
[2017.11.27-10.00.18:420][ 22]LogSourceControl: Error: Connect to server failed; check $P4PORT.
TCP connect to perforce:1666 failed.
???? ???? ??????????. 

[2017.11.27-10.00.29:581][692]SourceControl: On branch master
[2017.11.27-10.00.29:581][692]SourceControl: Your branch is ahead of 'origin/master' by 1 commit.
[2017.11.27-10.00.29:581][692]SourceControl:   (use "git push" to publish your local commits)
[2017.11.27-10.00.29:581][692]SourceControl: Changes to be committed:
[2017.11.27-10.00.29:581][692]SourceControl:   (use "git reset HEAD <file>..." to unstage)
[2017.11.27-10.00.29:582][692]SourceControl: 	new file:   Config/DefaultEditor.ini
[2017.11.27-10.00.29:582][692]SourceControl: 	new file:   Config/DefaultEditorPerProjectUserSettings.ini
[2017.11.27-10.00.29:582][692]SourceControl: 	new file:   Config/DefaultEngine.ini
[2017.11.27-10.00.29:582][692]SourceControl: 	new file:   Config/DefaultGame.ini
[2017.11.27-10.00.29:582][692]SourceControl: 	new file:   Config/DefaultInput.ini
[2017.11.27-10.00.29:582][692]SourceControl: 	new file:   Content/Scripts/aliases.js
[2017.11.27-10.00.29:582][692]SourceControl: 	new file:   Content/Scripts/typings/_part_0_ue.d.ts
[2017.11.27-10.00.29:582][692]SourceControl: 	new file:   Content/Scripts/typings/_part_1_ue.d.ts
[2017.11.27-10.00.29:582][692]SourceControl: 	new file:   Content/Scripts/typings/ue.d.ts
[2017.11.27-10.00.29:582][692]SourceControl: 	new file:   Source/Zullu.Target.cs
[2017.11.27-10.00.29:582][692]SourceControl: 	new file:   Source/Zullu/GetActor.cpp
[2017.11.27-10.00.29:582][692]SourceControl: 	new file:   Source/Zullu/GetActor.h
[2017.11.27-10.00.29:582][692]SourceControl: 	new file:   Source/Zullu/HttpActor.cpp
[2017.11.27-10.00.29:582][692]SourceControl: 	new file:   Source/Zullu/HttpActor.h
[2017.11.27-10.00.29:582][692]SourceControl: 	new file:   Source/Zullu/Zullu.Build.cs
[2017.11.27-10.00.29:582][692]SourceControl: 	new file:   Source/Zullu/Zullu.cpp
[2017.11.27-10.00.29:582][692]SourceControl: 	new file:   Source/Zullu/Zullu.h
[2017.11.27-10.00.29:582][692]SourceControl: 	new file:   Source/ZulluEditor.Target.cs
[2017.11.27-10.00.29:582][692]SourceControl: Changes not staged for commit:
[2017.11.27-10.00.29:582][692]SourceControl:   (use "git add <file>..." to update what will be committed)
[2017.11.27-10.00.29:582][692]SourceControl:   (use "git checkout -- <file>..." to discard changes in working directory)
[2017.11.27-10.00.29:582][692]SourceControl: 	modified:   Config/DefaultEngine.ini
[2017.11.27-10.00.29:582][692]SourceControl: 	modified:   Content/Levels/0-0.umap
[2017.11.27-10.00.29:582][692]SourceControl: 	modified:   Content/Levels/0-0_BuiltData.uasset
[2017.11.27-10.00.29:582][692]SourceControl: 	modified:   Content/Levels/MainGameInstance.uasset
[2017.11.27-10.00.29:582][692]SourceControl: 	modified:   Content/StarterContent/Maps/Advanced_Lighting.umap
[2017.11.27-10.00.29:582][692]SourceControl: 	modified:   Content/StarterContent/Maps/Minimal_Default.umap
[2017.11.27-10.00.29:582][692]SourceControl: 	modified:   Content/StarterContent/Maps/StarterMap.umap
[2017.11.27-10.00.29:582][692]SourceControl: 	modified:   Content/StarterPresets/StarterSpaceShipMovement_OR.uasset
[2017.11.27-10.00.29:582][692]SourceControl: Untracked files:
[2017.11.27-10.00.29:582][692]SourceControl:   (use "git add <file>..." to include in what will be committed)
[2017.11.27-10.00.29:582][692]SourceControl: 	.vs/
[2017.11.27-10.00.29:582][692]SourceControl: 	Binaries/
[2017.11.27-10.00.29:582][692]SourceControl: 	Build/
[2017.11.27-10.00.29:582][692]SourceControl: 	Intermediate/
[2017.11.27-10.00.29:582][692]SourceControl: 	Pack/
[2017.11.27-10.00.29:582][692]SourceControl: 	Saved/
[2017.11.27-10.00.29:582][692]SourceControl: 	Zullu.png
[2017.11.27-10.00.29:582][692]SourceControl: 	Zullu.sln
[2017.11.27-13.57.10:326][376]LogWindowsTextInputMethodSystem: Display: IME system now deactivated.
[2017.11.27-13.57.10:326][376]LogWindowsTextInputMethodSystem: Display: IME system now deactivated.
[2017.11.27-13.57.14:488][622]SourceControl: fatal: C:/Program Files/Epic Games/UE_4.17/Engine/Content/: 'C:/Program Files/Epic Games/UE_4.17/Engine/Content/' is outside repository
[2017.11.27-13.57.22:526][622]LogSourceControl: FGitCheckInWorker: commit successful
[2017.11.27-13.57.22:625][622]SourceControl: [master 24a4a19] ue4
[2017.11.27-13.57.22:625][622]SourceControl:  1 file changed, 0 insertions(+), 0 deletions(-)
[2017.11.27-13.57.22:625][622]SourceControl:  rewrite Content/Levels/MainGameInstance.uasset (82%)
[2017.11.27-13.57.22:640][622]SourceControl: Commited [master 24a4a19] ue4.
[2017.11.27-14.00.46:984][435]LogTemp: Repeating last play command: Selected Viewport
[2017.11.27-14.01.13:655][435]LogBlueprintUserMessages: Early PlayInEditor Detection: Level '/Game/Levels/Login.Login:PersistentLevel' has LevelScriptBlueprint '/Game/Levels/Login.Login:PersistentLevel.Login' with GeneratedClass '/Game/Levels/Login.Login_C' with ClassGeneratedBy '/Game/Levels/Login.Login:PersistentLevel.Login'
[2017.11.27-14.01.13:681][435]LogPlayLevel: PlayLevel: No blueprints needed recompiling
[2017.11.27-14.01.14:023][435]PIE: New page: PIE session: Login (Nov 27, 2017, 8:01:13 PM)
[2017.11.27-14.01.14:095][435]LogPlayLevel: Creating play world package: /Game/Levels/UEDPIE_1_Login
[2017.11.27-14.01.14:324][435]LogPlayLevel: PIE: StaticDuplicateObject took: (0.228943s)
[2017.11.27-14.01.14:368][435]LogAIModule: Creating AISystem for world Login
[2017.11.27-14.01.14:369][435]LogPlayLevel: PIE: World Init took: (0.045143s)
[2017.11.27-14.01.14:390][435]LogPlayLevel: PIE: Created PIE world by copying editor world from /Game/Levels/Login.Login to /Game/Levels/UEDPIE_1_Login.Login (0.335557s)
[2017.11.27-14.01.14:518][435]LogInit: XAudio2 using 'Динамики (USB PnP Sound Device)' : 2 channels at 44.1 kHz using 16 bits per sample (channel mask 0x3)
[2017.11.27-14.01.14:530][435]LogInit: FAudioDevice initialized.
[2017.11.27-14.01.14:984][435]LogLoad: Game class is 'GameModeBase'
[2017.11.27-14.01.15:457][435]LogWorld: Bringing World /Game/Levels/UEDPIE_1_Login.Login up for play (max tick rate 3) at 2017.11.27-17.01.15
[2017.11.27-14.01.15:524][435]LogWorld: Bringing up level for play took: 0.071187
[2017.11.27-14.01.16:422][435]LogContentBrowser: Native class hierarchy updated for 'MovieSceneCapture' in 0.0018 seconds. Added 11 classes and 0 folders.
[2017.11.27-14.01.17:455][435]PIE: Play in editor start time for /Game/Levels/UEDPIE_1_Login 3.033
[2017.11.27-14.01.17:461][435]PIE: New page: PIE session: Login (Nov 27, 2017, 8:01:17 PM)
[2017.11.27-14.01.17:462][435]LogPlayLevel: Creating play world package: /Game/Levels/UEDPIE_2_Login
[2017.11.27-14.01.17:463][435]LogPlayLevel: PIE: StaticDuplicateObject took: (0.001033s)
[2017.11.27-14.01.17:466][435]LogAIModule: Creating AISystem for world Login
[2017.11.27-14.01.17:466][435]LogPlayLevel: PIE: World Init took: (0.003450s)
[2017.11.27-14.01.17:466][435]LogPlayLevel: PIE: Created PIE world by copying editor world from /Game/Levels/Login.Login to /Game/Levels/UEDPIE_2_Login.Login (0.004790s)
[2017.11.27-14.01.18:037][435]LogLoad: Game class is 'GameModeBase'
[2017.11.27-14.01.18:040][435]LogWorld: Bringing World /Game/Levels/UEDPIE_2_Login.Login up for play (max tick rate 3) at 2017.11.27-17.01.18
[2017.11.27-14.01.18:040][435]LogWorld: Bringing up level for play took: 0.002836
[2017.11.27-14.01.18:048][435]PIE: Play in editor start time for /Game/Levels/UEDPIE_2_Login 3.627
[2017.11.27-14.01.18:063][435]LogBlueprintUserMessages: Late PlayInEditor Detection: Level '/Game/Levels/Login.Login:PersistentLevel' has LevelScriptBlueprint '/Game/Levels/Login.Login:PersistentLevel.Login' with GeneratedClass '/Game/Levels/Login.Login_C' with ClassGeneratedBy '/Game/Levels/Login.Login:PersistentLevel.Login'
[2017.11.27-14.01.26:248][588]LogBlueprintUserMessages: Early EndPlayMap Detection: Level '/Game/Levels/Login.Login:PersistentLevel' has LevelScriptBlueprint '/Game/Levels/Login.Login:PersistentLevel.Login' with GeneratedClass '/Game/Levels/Login.Login_C' with ClassGeneratedBy '/Game/Levels/Login.Login:PersistentLevel.Login'
[2017.11.27-14.01.26:607][588]LogBlueprintUserMessages: Late EndPlayMap Detection: Level '/Game/Levels/Login.Login:PersistentLevel' has LevelScriptBlueprint '/Game/Levels/Login.Login:PersistentLevel.Login' with GeneratedClass '/Game/Levels/Login.Login_C' with ClassGeneratedBy '/Game/Levels/Login.Login:PersistentLevel.Login'
[2017.11.27-14.01.41:641][456]SourceControl: Source control is disabled
